<?xml version="1.0" encoding="UTF-8"?>
<!-- Generated by org.testng.reporters.JUnitReportReporter -->
<testsuite hostname="PC-NamLe" failures="0" tests="4" name="com.nam.qa.practice.SortProductTest" time="9.127" errors="0" timestamp="2025-06-23T16:08:15 ICT" skipped="0">
  <testcase classname="com.nam.qa.practice.SortProductTest" name="verifyProductSortingByNameAscending" time="2.301"/>
  <testcase classname="com.nam.qa.practice.SortProductTest" name="verifyProductSortingByNameDescending" time="2.284"/>
  <testcase classname="com.nam.qa.practice.SortProductTest" name="verifyProductSortingByPriceLowToHigh" time="2.256"/>
  <testcase classname="com.nam.qa.practice.SortProductTest" name="verifyProductSortingByPriceHighToLow" time="2.286"/>
</testsuite> <!-- com.nam.qa.practice.SortProductTest -->
