<?xml version="1.0" encoding="UTF-8"?>
<!-- Generated by org.testng.reporters.JUnitReportReporter -->
<testsuite hostname="PC-NamLe" failures="0" tests="9" name="com.nam.qa.practice.CartTest" time="17.480" errors="0" timestamp="2025-06-23T16:08:15 ICT" skipped="0">
  <testcase classname="com.nam.qa.practice.CartTest" name="verifyMenuCartPage" time="1.076"/>
  <testcase classname="com.nam.qa.practice.CartTest" name="verifyButtonContinueShopping" time="0.547"/>
  <testcase classname="com.nam.qa.practice.CartTest" name="verifyButtonCheckout" time="0.602"/>
  <testcase classname="com.nam.qa.practice.CartTest" name="verifyProductIsAddedToCartSuccessfully" time="3.221"/>
  <testcase classname="com.nam.qa.practice.CartTest" name="verifyProductNameMatchesBetweenProductAndCartPages" time="2.528"/>
  <testcase classname="com.nam.qa.practice.CartTest" name="verifyProductDescriptionMatchesBetweenProductAndCartPages" time="2.426"/>
  <testcase classname="com.nam.qa.practice.CartTest" name="verifyProductPriceMatchesBetweenProductAndCartPages" time="2.494"/>
  <testcase classname="com.nam.qa.practice.CartTest" name="verifyQuantityProduct" time="2.314"/>
  <testcase classname="com.nam.qa.practice.CartTest" name="verifyRemoveProductFromCartPage" time="2.272"/>
</testsuite> <!-- com.nam.qa.practice.CartTest -->
