<?xml version="1.0" encoding="UTF-8"?>
<!-- Generated by org.testng.reporters.JUnitReportReporter -->
<testsuite hostname="PC-NamLe" failures="0" tests="5" name="com.nam.qa.practice.SingInTest" time="3.225" errors="0" timestamp="2025-06-18T16:49:36 ICT" skipped="0">
  <testcase classname="com.nam.qa.practice.SingInTest" name="LoginValid" time="1.725"/>
  <testcase classname="com.nam.qa.practice.SingInTest" name="LoginwithInvalidName" time="0.410"/>
  <testcase classname="com.nam.qa.practice.SingInTest" name="LoginwithInvalidPassWord" time="0.357"/>
  <testcase classname="com.nam.qa.practice.SingInTest" name="LoginwithEmptyName" time="0.395"/>
  <testcase classname="com.nam.qa.practice.SingInTest" name="LoginwithEmptyPassWord" time="0.338"/>
</testsuite> <!-- com.nam.qa.practice.SingInTest -->
