<?xml version="1.0" encoding="UTF-8"?>
<!-- Generated by org.testng.reporters.JUnitReportReporter -->
<testsuite hostname="PC-NamLe" failures="0" tests="5" name="com.nam.qa.practice.SearchTest" time="17.267" errors="0" timestamp="2025-06-23T16:08:15 ICT" skipped="0">
  <testcase classname="com.nam.qa.practice.SearchTest" name="verifySearchWithValidKeyword" time="4.920"/>
  <testcase classname="com.nam.qa.practice.SearchTest" name="verifySearchWithEmptyKeyword" time="3.508"/>
  <testcase classname="com.nam.qa.practice.SearchTest" name="verifySearchWithLongKeyword" time="3.973"/>
  <testcase classname="com.nam.qa.practice.SearchTest" name="verifySearchWithUnicodeCharacters" time="4.311"/>
  <testcase classname="com.nam.qa.practice.SearchTest" name="verifySearchByClickingSearchButton" time="0.555"/>
</testsuite> <!-- com.nam.qa.practice.SearchTest -->
