<?xml version="1.0" encoding="UTF-8"?>
<!-- Generated by org.testng.reporters.JUnitReportReporter -->
<testsuite hostname="PC-NamLe" failures="0" tests="1" name="com.nam.qa.practice.oneTest" time="0.014" errors="0" timestamp="2025-06-18T09:32:59 ICT" skipped="0">
  <testcase classname="com.nam.qa.practice.oneTest" name="Test" time="0.014"/>
</testsuite> <!-- com.nam.qa.practice.oneTest -->
