<?xml version="1.0" encoding="UTF-8"?>
<!-- Generated by org.testng.reporters.JUnitReportReporter -->
<testsuite hostname="PC-NamLe" failures="0" tests="1" name="com.nam.qa.practice.EndToEndTest" time="2.527" errors="0" timestamp="2025-06-23T16:08:15 ICT" skipped="0">
  <testcase classname="com.nam.qa.practice.EndToEndTest" name="verifyMessageWhenCheckOutSuccessfully" time="2.527"/>
</testsuite> <!-- com.nam.qa.practice.EndToEndTest -->
