<?xml version="1.0" encoding="UTF-8"?>
<!-- Generated by org.testng.reporters.JUnitReportReporter -->
<testsuite hostname="PC-NamLe" failures="0" tests="9" name="com.nam.qa.practice.CartTest" time="73.699" errors="0" timestamp="2025-06-26T11:52:09 ICT" skipped="0">
  <testcase classname="com.nam.qa.practice.CartTest" name="verifyMenuCartPage" time="6.942"/>
  <testcase classname="com.nam.qa.practice.CartTest" name="verifyButtonContinueShopping" time="5.589"/>
  <testcase classname="com.nam.qa.practice.CartTest" name="verifyButtonCheckout" time="5.753"/>
  <testcase classname="com.nam.qa.practice.CartTest" name="verifyProductIsAddedToCartSuccessfully" time="7.677"/>
  <testcase classname="com.nam.qa.practice.CartTest" name="verifyProductNameMatchesBetweenProductAndCartPages" time="7.648"/>
  <testcase classname="com.nam.qa.practice.CartTest" name="verifyProductDescriptionMatchesBetweenProductAndCartPages" time="7.647"/>
  <testcase classname="com.nam.qa.practice.CartTest" name="verifyProductPriceMatchesBetweenProductAndCartPages" time="7.579"/>
  <testcase classname="com.nam.qa.practice.CartTest" name="verifyQuantityProduct" time="2.480"/>
  <testcase classname="com.nam.qa.practice.CartTest" name="verifyRemoveProductFromCartPage" time="22.384"/>
</testsuite> <!-- com.nam.qa.practice.CartTest -->
